[2022-09-01 08:50:19:551] INFO  16532 --- [  restartedMain] com.bankpin.user.UserApplication         : Starting UserApplication using Java 11.0.15 on DESKTOP-6EPJU0L with PID 16532 (D:\Data\Workspaces\idea_workspace\bankpin-user-server\out\production\classes started by user in D:\Data\Workspaces\idea_workspace\bankpin-user-server)
[2022-09-01 08:50:19:558] INFO  16532 --- [  restartedMain] com.bankpin.user.UserApplication         : No active profile set, falling back to 1 default profile: "default"
[2022-09-01 08:50:19:718] INFO  16532 --- [  restartedMain] .e.DevToolsPropertyDefaultsPostProcessor : Devtools property defaults active! Set 'spring.devtools.add-properties' to 'false' to disable
[2022-09-01 08:50:19:718] INFO  16532 --- [  restartedMain] .e.DevToolsPropertyDefaultsPostProcessor : For additional web related logging consider setting the 'logging.level.web' property to 'DEBUG'
[2022-09-01 08:50:20:1593] INFO  16532 --- [  restartedMain] o.s.b.w.e.tomcat.TomcatWebServer         : Tomcat initialized with port(s): 8507 (http)
[2022-09-01 08:50:20:1601] INFO  16532 --- [  restartedMain] o.a.coyote.http11.Http11NioProtocol      : Initializing ProtocolHandler ["http-nio-8507"]
[2022-09-01 08:50:20:1601] INFO  16532 --- [  restartedMain] o.a.catalina.core.StandardService        : Starting service [Tomcat]
[2022-09-01 08:50:20:1601] INFO  16532 --- [  restartedMain] o.a.catalina.core.StandardEngine         : Starting Servlet engine: [Apache Tomcat/9.0.62]
[2022-09-01 08:50:20:1662] INFO  16532 --- [  restartedMain] o.a.c.c.C.[Tomcat].[localhost].[/]       : Initializing Spring embedded WebApplicationContext
[2022-09-01 08:50:20:1663] INFO  16532 --- [  restartedMain] w.s.c.ServletWebServerApplicationContext : Root WebApplicationContext: initialization completed in 944 ms
[2022-09-01 08:50:21:1957] WARN  16532 --- [  restartedMain] o.s.s.c.a.web.builders.WebSecurity       : You are asking Spring Security to ignore org.springframework.boot.autoconfigure.security.servlet.StaticResourceRequest$StaticResourceRequestMatcher@259cb2ed. This is not recommended -- please use permitAll via HttpSecurity#authorizeHttpRequests instead.
[2022-09-01 08:50:21:1957] INFO  16532 --- [  restartedMain] o.s.s.web.DefaultSecurityFilterChain     : Will not secure org.springframework.boot.autoconfigure.security.servlet.StaticResourceRequest$StaticResourceRequestMatcher@259cb2ed
[2022-09-01 08:50:21:1987] INFO  16532 --- [  restartedMain] o.s.s.web.DefaultSecurityFilterChain     : Will secure any request with [org.springframework.security.web.session.DisableEncodeUrlFilter@46b96912, org.springframework.security.web.context.request.async.WebAsyncManagerIntegrationFilter@64ca6ec5, org.springframework.security.web.context.SecurityContextPersistenceFilter@44b888ec, org.springframework.security.web.header.HeaderWriterFilter@1c52df94, org.springframework.security.web.authentication.logout.LogoutFilter@39f8372b, org.springframework.security.web.authentication.UsernamePasswordAuthenticationFilter@67e9a02b, org.springframework.security.web.savedrequest.RequestCacheAwareFilter@50c520b, org.springframework.security.web.servletapi.SecurityContextHolderAwareRequestFilter@46d55205, org.springframework.security.web.authentication.AnonymousAuthenticationFilter@71330b38, org.springframework.security.web.session.SessionManagementFilter@2119d664, org.springframework.security.web.access.ExceptionTranslationFilter@23438cf7, org.springframework.security.web.access.intercept.FilterSecurityInterceptor@30e4dad9]
[2022-09-01 08:50:21:2083] INFO  16532 --- [  restartedMain] o.s.b.a.w.s.WelcomePageHandlerMapping    : Adding welcome page template: index
[2022-09-01 08:50:21:2242] INFO  16532 --- [  restartedMain] o.s.b.d.a.OptionalLiveReloadServer       : LiveReload server is running on port 35729
[2022-09-01 08:50:21:2252] INFO  16532 --- [  restartedMain] o.a.coyote.http11.Http11NioProtocol      : Starting ProtocolHandler ["http-nio-8507"]
[2022-09-01 08:50:21:2269] INFO  16532 --- [  restartedMain] o.s.b.w.e.tomcat.TomcatWebServer         : Tomcat started on port(s): 8507 (http) with context path ''
[2022-09-01 08:50:21:2275] INFO  16532 --- [  restartedMain] com.bankpin.user.UserApplication         : Started UserApplication in 2.011 seconds (JVM running for 2.516)
[2022-09-01 08:52:14:115037] INFO  16532 --- [nio-8507-exec-2] o.a.c.c.C.[Tomcat].[localhost].[/]       : Initializing Spring DispatcherServlet 'dispatcherServlet'
[2022-09-01 08:52:14:115038] INFO  16532 --- [nio-8507-exec-2] o.s.web.servlet.DispatcherServlet        : Initializing Servlet 'dispatcherServlet'
[2022-09-01 08:52:14:115038] INFO  16532 --- [nio-8507-exec-2] o.s.web.servlet.DispatcherServlet        : Completed initialization in 0 ms
[2022-09-01 08:52:46:146960] INFO  16532 --- [nio-8507-exec-3] com.zaxxer.hikari.HikariDataSource       : HikariPool-1 - Starting...
[2022-09-01 08:52:46:147002] INFO  16532 --- [nio-8507-exec-3] log4jdbc.log4j2                          : 1. Connection opened. {executed in 32ms} 
[2022-09-01 08:52:46:147002] INFO  16532 --- [nio-8507-exec-3] log4jdbc.log4j2                          : 1. Connection.new Connection returned 
[2022-09-01 08:52:46:147002] INFO  16532 --- [nio-8507-exec-3] log4jdbc.log4j2                          : 1. Connection.getNetworkTimeout() returned 0
[2022-09-01 08:52:46:147002] INFO  16532 --- [nio-8507-exec-3] log4jdbc.log4j2                          : 1. Connection.isReadOnly() returned false
[2022-09-01 08:52:46:147002] INFO  16532 --- [nio-8507-exec-3] log4jdbc.log4j2                          : 1. Connection.getAutoCommit() returned true
[2022-09-01 08:52:46:147004] INFO  16532 --- [nio-8507-exec-3] log4jdbc.log4j2                          : 1. Connection.isValid(1) returned true
[2022-09-01 08:52:46:147008] INFO  16532 --- [nio-8507-exec-3] log4jdbc.log4j2                          : 1. Connection.getTransactionIsolation() returned 4
[2022-09-01 08:52:46:147009] INFO  16532 --- [nio-8507-exec-3] com.zaxxer.hikari.HikariDataSource       : HikariPool-1 - Start completed.
[2022-09-01 08:52:46:147010] INFO  16532 --- [nio-8507-exec-3] log4jdbc.log4j2                          : 1. Connection.getAutoCommit() returned true
[2022-09-01 08:52:46:147015] INFO  16532 --- [nio-8507-exec-3] log4jdbc.log4j2                          : 1. PreparedStatement.new PreparedStatement returned 
[2022-09-01 08:52:46:147015] INFO  16532 --- [nio-8507-exec-3] log4jdbc.log4j2                          : 1. Connection.prepareStatement(SELECT   HEX(id), password, username, authority, is_deleted, deleted, deleted_date, created_date, updated_date  FROM customer WHERE username = ?) returned net.sf.log4jdbc.sql.jdbcapi.PreparedStatementSpy@793bab44
[2022-09-01 08:52:46:147017] INFO  16532 --- [nio-8507-exec-3] log4jdbc.log4j2                          : 1. PreparedStatement.setString(1, "member3@member.com") returned 
[2022-09-01 08:52:46:147018] INFO  16532 --- [nio-8507-exec-3] log4jdbc.log4j2                          : 1. SELECT HEX(id), password, username, authority, is_deleted, deleted, deleted_date, created_date, 
updated_date FROM customer WHERE username = 'member3@member.com'  {executed in 1 ms}
[2022-09-01 08:52:46:147018] INFO  16532 --- [nio-8507-exec-3] log4jdbc.log4j2                          : 1. PreparedStatement.execute() returned true
[2022-09-01 08:52:46:147021] INFO  16532 --- [nio-8507-exec-3] log4jdbc.log4j2                          : 1. ResultSet.new ResultSet returned 
[2022-09-01 08:52:46:147021] INFO  16532 --- [nio-8507-exec-3] log4jdbc.log4j2                          : 1. PreparedStatement.getResultSet() returned net.sf.log4jdbc.sql.jdbcapi.ResultSetSpy@39a46046
[2022-09-01 08:52:46:147025] INFO  16532 --- [nio-8507-exec-3] log4jdbc.log4j2                          : 1. ResultSet.getMetaData() returned org.mariadb.jdbc.client.result.ResultSetMetaData@707d6b67
[2022-09-01 08:52:46:147026] INFO  16532 --- [nio-8507-exec-3] log4jdbc.log4j2                          : 1. ResultSet.getType() returned 1003
[2022-09-01 08:52:46:147026] INFO  16532 --- [nio-8507-exec-3] log4jdbc.log4j2                          : 1. ResultSet.isClosed() returned false
[2022-09-01 08:52:46:147027] INFO  16532 --- [nio-8507-exec-3] log4jdbc.log4j2                          : 
|--------|---------|---------|----------|-----------|--------|-------------|-------------|-------------|
|hex(id) |password |username |authority |is_deleted |deleted |deleted_date |created_date |updated_date |
|--------|---------|---------|----------|-----------|--------|-------------|-------------|-------------|
|--------|---------|---------|----------|-----------|--------|-------------|-------------|-------------|

[2022-09-01 08:52:46:147028] INFO  16532 --- [nio-8507-exec-3] log4jdbc.log4j2                          : 1. ResultSet.next() returned false
[2022-09-01 08:52:46:147028] INFO  16532 --- [nio-8507-exec-3] log4jdbc.log4j2                          : 1. ResultSet.close() returned void
[2022-09-01 08:52:46:147030] INFO  16532 --- [nio-8507-exec-3] log4jdbc.log4j2                          : 1. Connection.getMetaData() returned org.mariadb.jdbc.DatabaseMetaData@3b28aecf
[2022-09-01 08:52:46:147032] INFO  16532 --- [nio-8507-exec-3] log4jdbc.log4j2                          : 1. PreparedStatement.getMoreResults() returned false
[2022-09-01 08:52:46:147032] INFO  16532 --- [nio-8507-exec-3] log4jdbc.log4j2                          : 1. PreparedStatement.getUpdateCount() returned -1
[2022-09-01 08:52:46:147032] INFO  16532 --- [nio-8507-exec-3] log4jdbc.log4j2                          : 1. PreparedStatement.close() returned 
[2022-09-01 08:52:46:147036] INFO  16532 --- [nio-8507-exec-3] log4jdbc.log4j2                          : 1. Connection.clearWarnings() returned 
[2022-09-01 08:52:46:147039] INFO  16532 --- [nio-8507-exec-3] log4jdbc.log4j2                          : 1. Connection.getAutoCommit() returned true
[2022-09-01 08:52:46:147039] INFO  16532 --- [nio-8507-exec-3] log4jdbc.log4j2                          : 1. Connection.setAutoCommit(false) returned 
[2022-09-01 08:52:46:147095] INFO  16532 --- [nio-8507-exec-3] log4jdbc.log4j2                          : 1. Connection.getAutoCommit() returned false
[2022-09-01 08:52:46:147095] INFO  16532 --- [nio-8507-exec-3] log4jdbc.log4j2                          : 1. PreparedStatement.new PreparedStatement returned 
[2022-09-01 08:52:46:147095] INFO  16532 --- [nio-8507-exec-3] log4jdbc.log4j2                          : 1. Connection.prepareStatement(INSERT INTO customer (  id, username, password, authority, is_deleted, deleted, created_date, updated_date ) VALUE (  UNHEX(REPLACE(UUID(),'-','')), ?, ?, ?,  0, 0, CURRENT_TIMESTAMP, CURRENT_TIMESTAMP )) returned net.sf.log4jdbc.sql.jdbcapi.PreparedStatementSpy@379e4ac5
[2022-09-01 08:52:46:147096] INFO  16532 --- [nio-8507-exec-3] log4jdbc.log4j2                          : 1. PreparedStatement.setString(1, "member3@member.com") returned 
[2022-09-01 08:52:46:147096] INFO  16532 --- [nio-8507-exec-3] log4jdbc.log4j2                          : 1. PreparedStatement.setString(2, "$2a$10$DQ/J.Ii1VnvmrDS5Ud2vl.7gSFPMQjqseQ49VMZrfU1zvKdW8K6W6") returned 
[2022-09-01 08:52:46:147096] INFO  16532 --- [nio-8507-exec-3] log4jdbc.log4j2                          : 1. PreparedStatement.setString(3, "ROLE_USER") returned 
[2022-09-01 08:52:46:147096] INFO  16532 --- [nio-8507-exec-3] log4jdbc.log4j2                          : 1. INSERT INTO customer ( id, username, password, authority, is_deleted, deleted, created_date, 
updated_date ) VALUE ( UNHEX(REPLACE(UUID(),'-','')), 'member3@member.com', '$2a$10$DQ/J.Ii1VnvmrDS5Ud2vl.7gSFPMQjqseQ49VMZrfU1zvKdW8K6W6', 
'ROLE_USER', 0, 0, CURRENT_TIMESTAMP, CURRENT_TIMESTAMP )  {executed in 0 ms}
[2022-09-01 08:52:46:147096] INFO  16532 --- [nio-8507-exec-3] log4jdbc.log4j2                          : 1. PreparedStatement.execute() returned false
[2022-09-01 08:52:46:147097] INFO  16532 --- [nio-8507-exec-3] log4jdbc.log4j2                          : 1. PreparedStatement.getUpdateCount() returned 1
[2022-09-01 08:52:46:147097] INFO  16532 --- [nio-8507-exec-3] log4jdbc.log4j2                          : 1. PreparedStatement.close() returned 
[2022-09-01 08:52:46:147113] INFO  16532 --- [onnection adder] log4jdbc.log4j2                          : 2. Connection opened. {executed in 2ms} 
[2022-09-01 08:52:46:147113] INFO  16532 --- [onnection adder] log4jdbc.log4j2                          : 2. Connection.new Connection returned 
[2022-09-01 08:52:46:147113] INFO  16532 --- [onnection adder] log4jdbc.log4j2                          : 2. Connection.isReadOnly() returned false
[2022-09-01 08:52:46:147113] INFO  16532 --- [onnection adder] log4jdbc.log4j2                          : 2. Connection.getAutoCommit() returned true
[2022-09-01 08:52:46:147115] INFO  16532 --- [onnection adder] log4jdbc.log4j2                          : 3. Connection opened. {executed in 1ms} 
[2022-09-01 08:52:46:147115] INFO  16532 --- [onnection adder] log4jdbc.log4j2                          : 3. Connection.new Connection returned 
[2022-09-01 08:52:46:147115] INFO  16532 --- [onnection adder] log4jdbc.log4j2                          : 3. Connection.isReadOnly() returned false
[2022-09-01 08:52:46:147115] INFO  16532 --- [onnection adder] log4jdbc.log4j2                          : 3. Connection.getAutoCommit() returned true
[2022-09-01 08:52:46:147117] INFO  16532 --- [onnection adder] log4jdbc.log4j2                          : 4. Connection opened. {executed in 2ms} 
[2022-09-01 08:52:46:147117] INFO  16532 --- [onnection adder] log4jdbc.log4j2                          : 4. Connection.new Connection returned 
[2022-09-01 08:52:46:147117] INFO  16532 --- [onnection adder] log4jdbc.log4j2                          : 4. Connection.isReadOnly() returned false
[2022-09-01 08:52:46:147117] INFO  16532 --- [onnection adder] log4jdbc.log4j2                          : 4. Connection.getAutoCommit() returned true
[2022-09-01 08:52:46:147119] INFO  16532 --- [onnection adder] log4jdbc.log4j2                          : 5. Connection opened. {executed in 2ms} 
[2022-09-01 08:52:46:147119] INFO  16532 --- [onnection adder] log4jdbc.log4j2                          : 5. Connection.new Connection returned 
[2022-09-01 08:52:46:147119] INFO  16532 --- [onnection adder] log4jdbc.log4j2                          : 5. Connection.isReadOnly() returned false
[2022-09-01 08:52:46:147119] INFO  16532 --- [onnection adder] log4jdbc.log4j2                          : 5. Connection.getAutoCommit() returned true
[2022-09-01 08:52:46:147121] INFO  16532 --- [onnection adder] log4jdbc.log4j2                          : 6. Connection opened. {executed in 2ms} 
[2022-09-01 08:52:46:147121] INFO  16532 --- [onnection adder] log4jdbc.log4j2                          : 6. Connection.new Connection returned 
[2022-09-01 08:52:46:147121] INFO  16532 --- [onnection adder] log4jdbc.log4j2                          : 6. Connection.isReadOnly() returned false
[2022-09-01 08:52:46:147121] INFO  16532 --- [onnection adder] log4jdbc.log4j2                          : 6. Connection.getAutoCommit() returned true
[2022-09-01 08:52:46:147125] INFO  16532 --- [nio-8507-exec-3] log4jdbc.log4j2                          : 1. Connection.commit() returned 
[2022-09-01 08:52:46:147125] INFO  16532 --- [onnection adder] log4jdbc.log4j2                          : 7. Connection opened. {executed in 4ms} 
[2022-09-01 08:52:46:147125] INFO  16532 --- [onnection adder] log4jdbc.log4j2                          : 7. Connection.new Connection returned 
[2022-09-01 08:52:46:147125] INFO  16532 --- [onnection adder] log4jdbc.log4j2                          : 7. Connection.isReadOnly() returned false
[2022-09-01 08:52:46:147125] INFO  16532 --- [onnection adder] log4jdbc.log4j2                          : 7. Connection.getAutoCommit() returned true
[2022-09-01 08:52:46:147126] INFO  16532 --- [nio-8507-exec-3] log4jdbc.log4j2                          : 1. Connection.setAutoCommit(true) returned 
[2022-09-01 08:52:46:147126] INFO  16532 --- [nio-8507-exec-3] log4jdbc.log4j2                          : 1. Connection.clearWarnings() returned 
[2022-09-01 08:52:46:147128] INFO  16532 --- [onnection adder] log4jdbc.log4j2                          : 8. Connection opened. {executed in 3ms} 
[2022-09-01 08:52:46:147128] INFO  16532 --- [onnection adder] log4jdbc.log4j2                          : 8. Connection.new Connection returned 
[2022-09-01 08:52:46:147128] INFO  16532 --- [onnection adder] log4jdbc.log4j2                          : 8. Connection.isReadOnly() returned false
[2022-09-01 08:52:46:147128] INFO  16532 --- [onnection adder] log4jdbc.log4j2                          : 8. Connection.getAutoCommit() returned true
[2022-09-01 08:52:46:147130] INFO  16532 --- [onnection adder] log4jdbc.log4j2                          : 9. Connection opened. {executed in 2ms} 
[2022-09-01 08:52:46:147130] INFO  16532 --- [onnection adder] log4jdbc.log4j2                          : 9. Connection.new Connection returned 
[2022-09-01 08:52:46:147130] INFO  16532 --- [onnection adder] log4jdbc.log4j2                          : 9. Connection.isReadOnly() returned false
[2022-09-01 08:52:46:147130] INFO  16532 --- [onnection adder] log4jdbc.log4j2                          : 9. Connection.getAutoCommit() returned true
[2022-09-01 08:52:46:147132] INFO  16532 --- [onnection adder] log4jdbc.log4j2                          : 10. Connection opened. {executed in 2ms} 
[2022-09-01 08:52:46:147132] INFO  16532 --- [onnection adder] log4jdbc.log4j2                          : 10. Connection.new Connection returned 
[2022-09-01 08:52:46:147132] INFO  16532 --- [onnection adder] log4jdbc.log4j2                          : 10. Connection.isReadOnly() returned false
[2022-09-01 08:52:46:147132] INFO  16532 --- [onnection adder] log4jdbc.log4j2                          : 10. Connection.getAutoCommit() returned true
[2022-09-01 08:53:10:171421] INFO  16532 --- [ionShutdownHook] com.zaxxer.hikari.HikariDataSource       : HikariPool-1 - Shutdown initiated...
[2022-09-01 08:53:10:171423] INFO  16532 --- [nnection closer] log4jdbc.log4j2                          : 1. Connection closed. {executed in 1ms} 
[2022-09-01 08:53:10:171423] INFO  16532 --- [nnection closer] log4jdbc.log4j2                          : 1. Connection.close() returned 
[2022-09-01 08:53:10:171423] INFO  16532 --- [nnection closer] log4jdbc.log4j2                          : 2. Connection closed. {executed in 0ms} 
[2022-09-01 08:53:10:171423] INFO  16532 --- [nnection closer] log4jdbc.log4j2                          : 2. Connection.close() returned 
[2022-09-01 08:53:10:171423] INFO  16532 --- [nnection closer] log4jdbc.log4j2                          : 3. Connection closed. {executed in 0ms} 
[2022-09-01 08:53:10:171423] INFO  16532 --- [nnection closer] log4jdbc.log4j2                          : 3. Connection.close() returned 
[2022-09-01 08:53:10:171424] INFO  16532 --- [nnection closer] log4jdbc.log4j2                          : 4. Connection closed. {executed in 1ms} 
[2022-09-01 08:53:10:171424] INFO  16532 --- [nnection closer] log4jdbc.log4j2                          : 4. Connection.close() returned 
[2022-09-01 08:53:10:171424] INFO  16532 --- [nnection closer] log4jdbc.log4j2                          : 5. Connection closed. {executed in 0ms} 
[2022-09-01 08:53:10:171424] INFO  16532 --- [nnection closer] log4jdbc.log4j2                          : 5. Connection.close() returned 
[2022-09-01 08:53:10:171425] INFO  16532 --- [nnection closer] log4jdbc.log4j2                          : 6. Connection closed. {executed in 1ms} 
[2022-09-01 08:53:10:171425] INFO  16532 --- [nnection closer] log4jdbc.log4j2                          : 6. Connection.close() returned 
[2022-09-01 08:53:10:171425] INFO  16532 --- [nnection closer] log4jdbc.log4j2                          : 7. Connection closed. {executed in 0ms} 
[2022-09-01 08:53:10:171426] INFO  16532 --- [nnection closer] log4jdbc.log4j2                          : 7. Connection.close() returned 
[2022-09-01 08:53:10:171426] INFO  16532 --- [nnection closer] log4jdbc.log4j2                          : 8. Connection closed. {executed in 0ms} 
[2022-09-01 08:53:10:171426] INFO  16532 --- [nnection closer] log4jdbc.log4j2                          : 8. Connection.close() returned 
[2022-09-01 08:53:10:171426] INFO  16532 --- [nnection closer] log4jdbc.log4j2                          : 9. Connection closed. {executed in 0ms} 
[2022-09-01 08:53:10:171426] INFO  16532 --- [nnection closer] log4jdbc.log4j2                          : 9. Connection.close() returned 
[2022-09-01 08:53:10:171427] INFO  16532 --- [nnection closer] log4jdbc.log4j2                          : 10. Connection closed. {executed in 1ms} 
[2022-09-01 08:53:10:171427] INFO  16532 --- [nnection closer] log4jdbc.log4j2                          : 10. Connection.close() returned 
[2022-09-01 08:53:10:171427] INFO  16532 --- [ionShutdownHook] com.zaxxer.hikari.HikariDataSource       : HikariPool-1 - Shutdown completed.
[2022-09-01 08:58:00:504] INFO  15992 --- [  restartedMain] com.bankpin.user.UserApplication         : Starting UserApplication using Java 11.0.15 on DESKTOP-6EPJU0L with PID 15992 (D:\Data\Workspaces\idea_workspace\bankpin-user-server\out\production\classes started by user in D:\Data\Workspaces\idea_workspace\bankpin-user-server)
[2022-09-01 08:58:00:508] INFO  15992 --- [  restartedMain] com.bankpin.user.UserApplication         : No active profile set, falling back to 1 default profile: "default"
[2022-09-01 08:58:00:662] INFO  15992 --- [  restartedMain] .e.DevToolsPropertyDefaultsPostProcessor : Devtools property defaults active! Set 'spring.devtools.add-properties' to 'false' to disable
[2022-09-01 08:58:00:662] INFO  15992 --- [  restartedMain] .e.DevToolsPropertyDefaultsPostProcessor : For additional web related logging consider setting the 'logging.level.web' property to 'DEBUG'
[2022-09-01 08:58:00:1412] INFO  15992 --- [  restartedMain] o.s.b.w.e.tomcat.TomcatWebServer         : Tomcat initialized with port(s): 8507 (http)
[2022-09-01 08:58:00:1419] INFO  15992 --- [  restartedMain] o.a.coyote.http11.Http11NioProtocol      : Initializing ProtocolHandler ["http-nio-8507"]
[2022-09-01 08:58:00:1419] INFO  15992 --- [  restartedMain] o.a.catalina.core.StandardService        : Starting service [Tomcat]
[2022-09-01 08:58:00:1419] INFO  15992 --- [  restartedMain] o.a.catalina.core.StandardEngine         : Starting Servlet engine: [Apache Tomcat/9.0.62]
[2022-09-01 08:58:00:1472] INFO  15992 --- [  restartedMain] o.a.c.c.C.[Tomcat].[localhost].[/]       : Initializing Spring embedded WebApplicationContext
[2022-09-01 08:58:00:1472] INFO  15992 --- [  restartedMain] w.s.c.ServletWebServerApplicationContext : Root WebApplicationContext: initialization completed in 810 ms
[2022-09-01 08:58:01:1759] INFO  15992 --- [  restartedMain] o.s.s.web.DefaultSecurityFilterChain     : Will secure any request with [org.springframework.security.web.session.DisableEncodeUrlFilter@483cbb99, org.springframework.security.web.context.request.async.WebAsyncManagerIntegrationFilter@57aade88, org.springframework.security.web.context.SecurityContextPersistenceFilter@308906e1, org.springframework.security.web.header.HeaderWriterFilter@2e26a479, org.springframework.security.web.authentication.logout.LogoutFilter@dcc8de9, org.springframework.security.web.authentication.UsernamePasswordAuthenticationFilter@150a844d, org.springframework.security.web.savedrequest.RequestCacheAwareFilter@276a1055, org.springframework.security.web.servletapi.SecurityContextHolderAwareRequestFilter@6409a17b, org.springframework.security.web.authentication.AnonymousAuthenticationFilter@18f704aa, org.springframework.security.web.session.SessionManagementFilter@6c0a00a6, org.springframework.security.web.access.ExceptionTranslationFilter@7874d450, org.springframework.security.web.access.intercept.FilterSecurityInterceptor@307b4b11]
[2022-09-01 08:58:01:1873] INFO  15992 --- [  restartedMain] o.s.b.a.w.s.WelcomePageHandlerMapping    : Adding welcome page template: index
[2022-09-01 08:58:01:2019] INFO  15992 --- [  restartedMain] o.s.b.d.a.OptionalLiveReloadServer       : LiveReload server is running on port 35729
[2022-09-01 08:58:01:2028] INFO  15992 --- [  restartedMain] o.a.coyote.http11.Http11NioProtocol      : Starting ProtocolHandler ["http-nio-8507"]
[2022-09-01 08:58:01:2041] INFO  15992 --- [  restartedMain] o.s.b.w.e.tomcat.TomcatWebServer         : Tomcat started on port(s): 8507 (http) with context path ''
[2022-09-01 08:58:01:2048] INFO  15992 --- [  restartedMain] com.bankpin.user.UserApplication         : Started UserApplication in 1.811 seconds (JVM running for 2.222)
[2022-09-01 08:58:09:10065] INFO  15992 --- [nio-8507-exec-2] o.a.c.c.C.[Tomcat].[localhost].[/]       : Initializing Spring DispatcherServlet 'dispatcherServlet'
[2022-09-01 08:58:09:10065] INFO  15992 --- [nio-8507-exec-2] o.s.web.servlet.DispatcherServlet        : Initializing Servlet 'dispatcherServlet'
[2022-09-01 08:58:09:10066] INFO  15992 --- [nio-8507-exec-2] o.s.web.servlet.DispatcherServlet        : Completed initialization in 1 ms
